Symlinking /home/user/catkin_ws/devel/lib/pkgconfig/my_custom_srv_msg_pkg.pc
Symlinking /home/user/catkin_ws/devel/lib/python3/dist-packages/my_custom_srv_msg_pkg/__init__.py
Symlinking /home/user/catkin_ws/devel/lib/python3/dist-packages/my_custom_srv_msg_pkg/srv/_MyCustomServiceMessage.py
Symlinking /home/user/catkin_ws/devel/lib/python3/dist-packages/my_custom_srv_msg_pkg/srv/__init__.py
Symlinking /home/user/catkin_ws/devel/include/my_custom_srv_msg_pkg/MyCustomServiceMessageResponse.h
Symlinking /home/user/catkin_ws/devel/include/my_custom_srv_msg_pkg/MyCustomServiceMessageRequest.h
Symlinking /home/user/catkin_ws/devel/include/my_custom_srv_msg_pkg/MyCustomServiceMessage.h
Symlinking /home/user/catkin_ws/devel/share/common-lisp/ros/my_custom_srv_msg_pkg/srv/MyCustomServiceMessage.lisp
Symlinking /home/user/catkin_ws/devel/share/common-lisp/ros/my_custom_srv_msg_pkg/srv/_package_MyCustomServiceMessage.lisp
Symlinking /home/user/catkin_ws/devel/share/common-lisp/ros/my_custom_srv_msg_pkg/srv/_package.lisp
Symlinking /home/user/catkin_ws/devel/share/common-lisp/ros/my_custom_srv_msg_pkg/srv/my_custom_srv_msg_pkg-srv.asd
Symlinking /home/user/catkin_ws/devel/share/my_custom_srv_msg_pkg/cmake/my_custom_srv_msg_pkg-msg-paths.cmake
Symlinking /home/user/catkin_ws/devel/share/my_custom_srv_msg_pkg/cmake/my_custom_srv_msg_pkgConfig.cmake
Symlinking /home/user/catkin_ws/devel/share/my_custom_srv_msg_pkg/cmake/my_custom_srv_msg_pkgConfig-version.cmake
Symlinking /home/user/catkin_ws/devel/share/my_custom_srv_msg_pkg/cmake/my_custom_srv_msg_pkg-msg-extras.cmake
Symlinking /home/user/catkin_ws/devel/share/roseus/ros/my_custom_srv_msg_pkg/manifest.l
Symlinking /home/user/catkin_ws/devel/share/roseus/ros/my_custom_srv_msg_pkg/srv/MyCustomServiceMessage.l
Symlinking /home/user/catkin_ws/devel/share/gennodejs/ros/my_custom_srv_msg_pkg/_index.js
Symlinking /home/user/catkin_ws/devel/share/gennodejs/ros/my_custom_srv_msg_pkg/srv/_index.js
Symlinking /home/user/catkin_ws/devel/share/gennodejs/ros/my_custom_srv_msg_pkg/srv/MyCustomServiceMessage.js
