[35m[1mScanning dependencies of target std_msgs_generate_messages_py[0m
[35m[1mScanning dependencies of target rosgraph_msgs_generate_messages_eus[0m
[35m[1mScanning dependencies of target std_msgs_generate_messages_eus[0m
[35m[1mScanning dependencies of target std_msgs_generate_messages_nodejs[0m
[  0%] Built target rosgraph_msgs_generate_messages_eus
[35m[1mScanning dependencies of target _my_custom_srv_msg_pkg_generate_messages_check_deps_MyCustomServiceMessage[0m
[  0%] Built target std_msgs_generate_messages_eus
[  0%] Built target std_msgs_generate_messages_py
[35m[1mScanning dependencies of target rosgraph_msgs_generate_messages_cpp[0m
[35m[1mScanning dependencies of target roscpp_generate_messages_nodejs[0m
[  0%] Built target std_msgs_generate_messages_nodejs
[35m[1mScanning dependencies of target roscpp_generate_messages_cpp[0m
[  0%] Built target rosgraph_msgs_generate_messages_cpp
[35m[1mScanning dependencies of target roscpp_generate_messages_eus[0m
[35m[1mScanning dependencies of target roscpp_generate_messages_py[0m
[35m[1mScanning dependencies of target rosgraph_msgs_generate_messages_py[0m
[  0%] Built target roscpp_generate_messages_nodejs
[  0%] Built target rosgraph_msgs_generate_messages_py
[  0%] Built target roscpp_generate_messages_eus
[  0%] Built target roscpp_generate_messages_cpp
[  0%] Built target roscpp_generate_messages_py
[35m[1mScanning dependencies of target rosgraph_msgs_generate_messages_lisp[0m
[35m[1mScanning dependencies of target std_msgs_generate_messages_cpp[0m
[35m[1mScanning dependencies of target roscpp_generate_messages_lisp[0m
[35m[1mScanning dependencies of target std_msgs_generate_messages_lisp[0m
[  0%] Built target rosgraph_msgs_generate_messages_lisp
[  0%] Built target std_msgs_generate_messages_cpp
[35m[1mScanning dependencies of target rosgraph_msgs_generate_messages_nodejs[0m
[  0%] Built target _my_custom_srv_msg_pkg_generate_messages_check_deps_MyCustomServiceMessage
[  0%] Built target std_msgs_generate_messages_lisp
[  0%] Built target roscpp_generate_messages_lisp
[35m[1mScanning dependencies of target my_custom_srv_msg_pkg_generate_messages_eus[0m
[35m[1mScanning dependencies of target my_custom_srv_msg_pkg_generate_messages_py[0m
[  0%] Built target rosgraph_msgs_generate_messages_nodejs
[35m[1mScanning dependencies of target my_custom_srv_msg_pkg_generate_messages_cpp[0m
[35m[1mScanning dependencies of target my_custom_srv_msg_pkg_generate_messages_lisp[0m
[ 11%] [34m[1mGenerating EusLisp code from my_custom_srv_msg_pkg/MyCustomServiceMessage.srv[0m
[ 22%] [34m[1mGenerating C++ code from my_custom_srv_msg_pkg/MyCustomServiceMessage.srv[0m
[ 33%] [34m[1mGenerating Python code from SRV my_custom_srv_msg_pkg/MyCustomServiceMessage[0m
[35m[1mScanning dependencies of target my_custom_srv_msg_pkg_generate_messages_nodejs[0m
[ 44%] [34m[1mGenerating EusLisp manifest code for my_custom_srv_msg_pkg[0m
[ 55%] [34m[1mGenerating Lisp code from my_custom_srv_msg_pkg/MyCustomServiceMessage.srv[0m
[ 66%] [34m[1mGenerating Javascript code from my_custom_srv_msg_pkg/MyCustomServiceMessage.srv[0m
[ 66%] Built target my_custom_srv_msg_pkg_generate_messages_lisp
[ 77%] [34m[1mGenerating Python srv __init__.py for my_custom_srv_msg_pkg[0m
[ 77%] Built target my_custom_srv_msg_pkg_generate_messages_nodejs
[ 77%] Built target my_custom_srv_msg_pkg_generate_messages_py
[ 77%] Built target my_custom_srv_msg_pkg_generate_messages_cpp
[ 77%] Built target my_custom_srv_msg_pkg_generate_messages_eus
[35m[1mScanning dependencies of target custom_service_server[0m
[35m[1mScanning dependencies of target my_custom_srv_msg_pkg_generate_messages[0m
[ 77%] Built target my_custom_srv_msg_pkg_generate_messages
[ 88%] [32mBuilding CXX object CMakeFiles/custom_service_server.dir/src/custom_service_server.cpp.o[0m
In file included from [01m[K/opt/ros/noetic/include/ros/ros.h:40[m[K,
                 from [01m[K/home/user/catkin_ws/src/my_custom_srv_msg_pkg/src/custom_service_server.cpp:1[m[K:
[01m[K/home/user/catkin_ws/src/my_custom_srv_msg_pkg/src/custom_service_server.cpp:[m[K In function '[01m[Kbool my_callback(my_custom_srv_msg_pkg::MyCustomServiceMessage::Request&, my_custom_srv_msg_pkg::MyCustomServiceMessage::Response&)[m[K':
[01m[K/home/user/catkin_ws/src/my_custom_srv_msg_pkg/src/custom_service_server.cpp:7:61:[m[K [01;31m[Kerror: [m[K'[01m[Kmy_custom_srv_msg_pkg::MyCustomServiceMessage::Request[m[K' {aka '[01m[Kstruct my_custom_srv_msg_pkg::MyCustomServiceMessageRequest_<std::allocator<void> >[m[K'} has no member named '[01m[Kradius[m[K'
    7 |   ROS_INFO("Request Data==> radius=%f, repetitions=%d", req.[01;31m[Kradius[m[K, req.repetitions);
      |                                                             [01;31m[K^~~~~~[m[K
[01m[K/opt/ros/noetic/include/ros/console.h:351:165:[m[K [01;36m[Knote: [m[Kin definition of macro '[01m[KROSCONSOLE_PRINT_AT_LOCATION_WITH_FILTER[m[K'
  351 |     ::ros::console::print(filter, __rosconsole_define_location__loc.logger_, __rosconsole_define_location__loc.level_, __FILE__, __LINE__, __ROSCONSOLE_FUNCTION__, [01;36m[K__VA_ARGS__[m[K)
      |                                                                                                                                                                     [01;36m[K^~~~~~~~~~~[m[K
[01m[K/opt/ros/noetic/include/ros/console.h:390:7:[m[K [01;36m[Knote: [m[Kin expansion of macro '[01m[KROSCONSOLE_PRINT_AT_LOCATION[m[K'
  390 |       [01;36m[KROSCONSOLE_PRINT_AT_LOCATION[m[K(__VA_ARGS__); \
      |       [01;36m[K^~~~~~~~~~~~~~~~~~~~~~~~~~~~[m[K
[01m[K/opt/ros/noetic/include/ros/console.h:575:35:[m[K [01;36m[Knote: [m[Kin expansion of macro '[01m[KROS_LOG_COND[m[K'
  575 | #define ROS_LOG(level, name, ...) [01;36m[KROS_LOG_COND[m[K(true, level, name, __VA_ARGS__)
      |                                   [01;36m[K^~~~~~~~~~~~[m[K
[01m[K/opt/ros/noetic/include/rosconsole/macros_generated.h:110:23:[m[K [01;36m[Knote: [m[Kin expansion of macro '[01m[KROS_LOG[m[K'
  110 | #define ROS_INFO(...) [01;36m[KROS_LOG[m[K(::ros::console::levels::Info, ROSCONSOLE_DEFAULT_NAME, __VA_ARGS__)
      |                       [01;36m[K^~~~~~~[m[K
[01m[K/home/user/catkin_ws/src/my_custom_srv_msg_pkg/src/custom_service_server.cpp:7:3:[m[K [01;36m[Knote: [m[Kin expansion of macro '[01m[KROS_INFO[m[K'
    7 |   [01;36m[KROS_INFO[m[K("Request Data==> radius=%f, repetitions=%d", req.radius, req.repetitions);
      |   [01;36m[K^~~~~~~~[m[K
[01m[K/home/user/catkin_ws/src/my_custom_srv_msg_pkg/src/custom_service_server.cpp:7:73:[m[K [01;31m[Kerror: [m[K'[01m[Kmy_custom_srv_msg_pkg::MyCustomServiceMessage::Request[m[K' {aka '[01m[Kstruct my_custom_srv_msg_pkg::MyCustomServiceMessageRequest_<std::allocator<void> >[m[K'} has no member named '[01m[Krepetitions[m[K'
    7 |   ROS_INFO("Request Data==> radius=%f, repetitions=%d", req.radius, req.[01;31m[Krepetitions[m[K);
      |                                                                         [01;31m[K^~~~~~~~~~~[m[K
[01m[K/opt/ros/noetic/include/ros/console.h:351:165:[m[K [01;36m[Knote: [m[Kin definition of macro '[01m[KROSCONSOLE_PRINT_AT_LOCATION_WITH_FILTER[m[K'
  351 |     ::ros::console::print(filter, __rosconsole_define_location__loc.logger_, __rosconsole_define_location__loc.level_, __FILE__, __LINE__, __ROSCONSOLE_FUNCTION__, [01;36m[K__VA_ARGS__[m[K)
      |                                                                                                                                                                     [01;36m[K^~~~~~~~~~~[m[K
[01m[K/opt/ros/noetic/include/ros/console.h:390:7:[m[K [01;36m[Knote: [m[Kin expansion of macro '[01m[KROSCONSOLE_PRINT_AT_LOCATION[m[K'
  390 |       [01;36m[KROSCONSOLE_PRINT_AT_LOCATION[m[K(__VA_ARGS__); \
      |       [01;36m[K^~~~~~~~~~~~~~~~~~~~~~~~~~~~[m[K
[01m[K/opt/ros/noetic/include/ros/console.h:575:35:[m[K [01;36m[Knote: [m[Kin expansion of macro '[01m[KROS_LOG_COND[m[K'
  575 | #define ROS_LOG(level, name, ...) [01;36m[KROS_LOG_COND[m[K(true, level, name, __VA_ARGS__)
      |                                   [01;36m[K^~~~~~~~~~~~[m[K
[01m[K/opt/ros/noetic/include/rosconsole/macros_generated.h:110:23:[m[K [01;36m[Knote: [m[Kin expansion of macro '[01m[KROS_LOG[m[K'
  110 | #define ROS_INFO(...) [01;36m[KROS_LOG[m[K(::ros::console::levels::Info, ROSCONSOLE_DEFAULT_NAME, __VA_ARGS__)
      |                       [01;36m[K^~~~~~~[m[K
[01m[K/home/user/catkin_ws/src/my_custom_srv_msg_pkg/src/custom_service_server.cpp:7:3:[m[K [01;36m[Knote: [m[Kin expansion of macro '[01m[KROS_INFO[m[K'
    7 |   [01;36m[KROS_INFO[m[K("Request Data==> radius=%f, repetitions=%d", req.radius, req.repetitions);
      |   [01;36m[K^~~~~~~~[m[K
[01m[K/home/user/catkin_ws/src/my_custom_srv_msg_pkg/src/custom_service_server.cpp:8:11:[m[K [01;31m[Kerror: [m[K'[01m[Kmy_custom_srv_msg_pkg::MyCustomServiceMessage::Request[m[K' {aka '[01m[Kstruct my_custom_srv_msg_pkg::MyCustomServiceMessageRequest_<std::allocator<void> >[m[K'} has no member named '[01m[Kradius[m[K'
    8 |   if (req.[01;31m[Kradius[m[K > 5.0)
      |           [01;31m[K^~~~~~[m[K
make[2]: *** [CMakeFiles/custom_service_server.dir/build.make:63: CMakeFiles/custom_service_server.dir/src/custom_service_server.cpp.o] Error 1
make[1]: *** [CMakeFiles/Makefile2:187: CMakeFiles/custom_service_server.dir/all] Error 2
make: *** [Makefile:141: all] Error 2
