[35m[1mScanning dependencies of target trajectory_by_name_srv_generate_messages_lisp[0m
[  0%] Built target rosgraph_msgs_generate_messages_eus
[  0%] Built target roscpp_generate_messages_eus
[35m[1mScanning dependencies of target trajectory_by_name_srv_generate_messages_py[0m
[  0%] Built target roscpp_generate_messages_nodejs
[  0%] Built target std_msgs_generate_messages_eus
[  0%] Built target roscpp_generate_messages_py
[  0%] Built target trajectory_by_name_srv_generate_messages_lisp
[  0%] Built target roscpp_generate_messages_cpp
[  0%] Built target trajectory_by_name_srv_generate_messages_py
[35m[1mScanning dependencies of target trajectory_by_name_srv_generate_messages_eus[0m
[  0%] Built target roscpp_generate_messages_lisp
[  0%] Built target rosgraph_msgs_generate_messages_py
[  0%] Built target std_msgs_generate_messages_lisp
[  0%] Built target rosgraph_msgs_generate_messages_lisp
[  0%] Built target rosgraph_msgs_generate_messages_nodejs
[  0%] Built target trajectory_by_name_srv_generate_messages_eus
[  0%] Built target std_msgs_generate_messages_cpp
[  0%] Built target std_msgs_generate_messages_nodejs
[35m[1mScanning dependencies of target trajectory_by_name_srv_generate_messages_nodejs[0m
[35m[1mScanning dependencies of target trajectory_by_name_srv_generate_messages_cpp[0m
[  0%] Built target rosgraph_msgs_generate_messages_cpp
[  0%] Built target trajectory_by_name_srv_generate_messages_nodejs
[  0%] Built target trajectory_by_name_srv_generate_messages_cpp
[  0%] Built target std_msgs_generate_messages_py
[35m[1mScanning dependencies of target simple_service_client[0m
[ 50%] [32mBuilding CXX object CMakeFiles/simple_service_client.dir/src/simple_service_client.cpp.o[0m
[100%] [32m[1mLinking CXX executable /home/user/catkin_ws/devel/.private/service_client_pkg/lib/service_client_pkg/simple_service_client[0m
[100%] Built target simple_service_client
