[  0%] Built target actionlib_generate_messages_nodejs
[  0%] Built target geometry_msgs_generate_messages_lisp
[  0%] Built target geometry_msgs_generate_messages_cpp
[  0%] Built target geometry_msgs_generate_messages_nodejs
[  0%] Built target actionlib_msgs_generate_messages_lisp
[  0%] Built target trajectory_msgs_generate_messages_lisp
[  0%] Built target geometry_msgs_generate_messages_py
[  0%] Built target trajectory_msgs_generate_messages_cpp
[  0%] Built target rosgraph_msgs_generate_messages_cpp
[  0%] Built target actionlib_generate_messages_py
[  0%] Built target rosgraph_msgs_generate_messages_eus
[  0%] Built target iri_wam_reproduce_trajectory_generate_messages_py
[  0%] Built target actionlib_msgs_generate_messages_nodejs
[  0%] Built target roscpp_generate_messages_nodejs
[  0%] Built target roscpp_generate_messages_cpp
[  0%] Built target roscpp_generate_messages_eus
[  0%] Built target actionlib_msgs_generate_messages_eus
[  0%] Built target rosgraph_msgs_generate_messages_lisp
[  0%] Built target rosgraph_msgs_generate_messages_py
[  0%] Built target std_msgs_generate_messages_lisp
[  0%] Built target roscpp_generate_messages_lisp
[  0%] Built target actionlib_msgs_generate_messages_py
[  0%] Built target actionlib_generate_messages_lisp
[  0%] Built target actionlib_generate_messages_cpp
[  0%] Built target rosgraph_msgs_generate_messages_nodejs
[  0%] Built target std_msgs_generate_messages_cpp
[  0%] Built target geometry_msgs_generate_messages_eus
[  0%] Built target std_msgs_generate_messages_nodejs
[  0%] Built target std_msgs_generate_messages_py
[  0%] Built target std_msgs_generate_messages_eus
[  0%] Built target iri_wam_reproduce_trajectory_generate_messages_nodejs
[  0%] Built target iri_wam_reproduce_trajectory_generate_messages_cpp
[  0%] Built target iri_wam_reproduce_trajectory_generate_messages_lisp
[  0%] Built target trajectory_msgs_generate_messages_py
[  0%] Built target roscpp_generate_messages_py
[  0%] Built target iri_wam_reproduce_trajectory_generate_messages_eus
[  0%] Built target actionlib_generate_messages_eus
[  0%] Built target actionlib_msgs_generate_messages_cpp
[  0%] Built target trajectory_msgs_generate_messages_nodejs
[  0%] Built target trajectory_msgs_generate_messages_eus
[35m[1mScanning dependencies of target simple_service_client[0m
[ 50%] [32mBuilding CXX object CMakeFiles/simple_service_client.dir/src/simple_service_client.cpp.o[0m
In file included from [01m[K/opt/ros/noetic/include/ros/ros.h:40[m[K,
                 from [01m[K/home/user/catkin_ws/src/service_client_pkg/src/simple_service_client.cpp:1[m[K:
[01m[K/home/user/catkin_ws/src/service_client_pkg/src/simple_service_client.cpp:[m[K In function '[01m[Kint main(int, char**)[m[K':
[01m[K/home/user/catkin_ws/src/service_client_pkg/src/simple_service_client.cpp:19:40:[m[K [01;31m[Kerror: [m[K'[01m[Kiri_wam_reproduce_trajectory::ExecTraj::Response[m[K' {aka '[01m[Kstruct iri_wam_reproduce_trajectory::ExecTrajResponse_<std::allocator<void> >[m[K'} has no member named '[01m[Kstatus_message[m[K'
   19 |     ROS_INFO("%s", trajectory.response.[01;31m[Kstatus_message[m[K.c_str()); // Print the result given by the service called
      |                                        [01;31m[K^~~~~~~~~~~~~~[m[K
[01m[K/opt/ros/noetic/include/ros/console.h:351:165:[m[K [01;36m[Knote: [m[Kin definition of macro '[01m[KROSCONSOLE_PRINT_AT_LOCATION_WITH_FILTER[m[K'
  351 |     ::ros::console::print(filter, __rosconsole_define_location__loc.logger_, __rosconsole_define_location__loc.level_, __FILE__, __LINE__, __ROSCONSOLE_FUNCTION__, [01;36m[K__VA_ARGS__[m[K)
      |                                                                                                                                                                     [01;36m[K^~~~~~~~~~~[m[K
[01m[K/opt/ros/noetic/include/ros/console.h:390:7:[m[K [01;36m[Knote: [m[Kin expansion of macro '[01m[KROSCONSOLE_PRINT_AT_LOCATION[m[K'
  390 |       [01;36m[KROSCONSOLE_PRINT_AT_LOCATION[m[K(__VA_ARGS__); \
      |       [01;36m[K^~~~~~~~~~~~~~~~~~~~~~~~~~~~[m[K
[01m[K/opt/ros/noetic/include/ros/console.h:575:35:[m[K [01;36m[Knote: [m[Kin expansion of macro '[01m[KROS_LOG_COND[m[K'
  575 | #define ROS_LOG(level, name, ...) [01;36m[KROS_LOG_COND[m[K(true, level, name, __VA_ARGS__)
      |                                   [01;36m[K^~~~~~~~~~~~[m[K
[01m[K/opt/ros/noetic/include/rosconsole/macros_generated.h:110:23:[m[K [01;36m[Knote: [m[Kin expansion of macro '[01m[KROS_LOG[m[K'
  110 | #define ROS_INFO(...) [01;36m[KROS_LOG[m[K(::ros::console::levels::Info, ROSCONSOLE_DEFAULT_NAME, __VA_ARGS__)
      |                       [01;36m[K^~~~~~~[m[K
[01m[K/home/user/catkin_ws/src/service_client_pkg/src/simple_service_client.cpp:19:5:[m[K [01;36m[Knote: [m[Kin expansion of macro '[01m[KROS_INFO[m[K'
   19 |     [01;36m[KROS_INFO[m[K("%s", trajectory.response.status_message.c_str()); // Print the result given by the service called
      |     [01;36m[K^~~~~~~~[m[K
make[2]: *** [CMakeFiles/simple_service_client.dir/build.make:63: CMakeFiles/simple_service_client.dir/src/simple_service_client.cpp.o] Error 1
make[1]: *** [CMakeFiles/Makefile2:1245: CMakeFiles/simple_service_client.dir/all] Error 2
make: *** [Makefile:141: all] Error 2
