[35m[1mScanning dependencies of target _my_turtlebot_action_server_generate_messages_check_deps_turtlebotActionMessageFeedback[0m
[35m[1mScanning dependencies of target _my_turtlebot_action_server_generate_messages_check_deps_turtlebotActionMessageActionResult[0m
[35m[1mScanning dependencies of target actionlib_generate_messages_nodejs[0m
[35m[1mScanning dependencies of target _my_turtlebot_action_server_generate_messages_check_deps_turtlebotActionMessageGoal[0m
[35m[1mScanning dependencies of target nav_msgs_generate_messages_nodejs[0m
[35m[1mScanning dependencies of target _my_turtlebot_action_server_generate_messages_check_deps_turtlebotActionMessageAction[0m
[  0%] Built target nav_msgs_generate_messages_nodejs
[35m[1mScanning dependencies of target _my_turtlebot_action_server_generate_messages_check_deps_turtlebotActionMessageActionGoal[0m
[  0%] Built target actionlib_generate_messages_nodejs
[35m[1mScanning dependencies of target _my_turtlebot_action_server_generate_messages_check_deps_turtlebotActionMessageActionFeedback[0m
[  0%] Built target _my_turtlebot_action_server_generate_messages_check_deps_turtlebotActionMessageActionGoal
[  0%] Built target _my_turtlebot_action_server_generate_messages_check_deps_turtlebotActionMessageAction
[35m[1mScanning dependencies of target _my_turtlebot_action_server_generate_messages_check_deps_turtlebotActionMessageResult[0m
[  0%] Built target _my_turtlebot_action_server_generate_messages_check_deps_turtlebotActionMessageGoal
[35m[1mScanning dependencies of target actionlib_msgs_generate_messages_nodejs[0m
[35m[1mScanning dependencies of target roscpp_generate_messages_eus[0m
[  0%] Built target actionlib_msgs_generate_messages_nodejs
[  0%] Built target _my_turtlebot_action_server_generate_messages_check_deps_turtlebotActionMessageActionResult
[  0%] Built target _my_turtlebot_action_server_generate_messages_check_deps_turtlebotActionMessageFeedback
[  0%] Built target _my_turtlebot_action_server_generate_messages_check_deps_turtlebotActionMessageActionFeedback
[35m[1mScanning dependencies of target std_msgs_generate_messages_py[0m
[  0%] Built target roscpp_generate_messages_eus
[35m[1mScanning dependencies of target roscpp_generate_messages_cpp[0m
[35m[1mScanning dependencies of target std_msgs_generate_messages_nodejs[0m
[35m[1mScanning dependencies of target geometry_msgs_generate_messages_eus[0m
[  0%] Built target std_msgs_generate_messages_py
[35m[1mScanning dependencies of target roscpp_generate_messages_nodejs[0m
[  0%] Built target roscpp_generate_messages_cpp
[35m[1mScanning dependencies of target std_msgs_generate_messages_cpp[0m
[  0%] Built target _my_turtlebot_action_server_generate_messages_check_deps_turtlebotActionMessageResult
[  0%] Built target geometry_msgs_generate_messages_eus
[35m[1mScanning dependencies of target actionlib_msgs_generate_messages_py[0m
[  0%] Built target std_msgs_generate_messages_nodejs
[  0%] Built target roscpp_generate_messages_nodejs
[  0%] Built target std_msgs_generate_messages_cpp
[35m[1mScanning dependencies of target rosgraph_msgs_generate_messages_nodejs[0m
[  0%] Built target actionlib_msgs_generate_messages_py
[35m[1mScanning dependencies of target rosgraph_msgs_generate_messages_lisp[0m
[35m[1mScanning dependencies of target actionlib_msgs_generate_messages_eus[0m
[35m[1mScanning dependencies of target actionlib_generate_messages_lisp[0m
[35m[1mScanning dependencies of target actionlib_generate_messages_cpp[0m
[35m[1mScanning dependencies of target actionlib_generate_messages_py[0m
[  0%] Built target rosgraph_msgs_generate_messages_nodejs
[35m[1mScanning dependencies of target _catkin_empty_exported_target[0m
[  0%] Built target rosgraph_msgs_generate_messages_lisp
[  0%] Built target actionlib_msgs_generate_messages_eus
[  0%] Built target actionlib_generate_messages_cpp
[35m[1mScanning dependencies of target rosgraph_msgs_generate_messages_py[0m
[  0%] Built target actionlib_generate_messages_lisp
[  0%] Built target actionlib_generate_messages_py
[35m[1mScanning dependencies of target roscpp_generate_messages_lisp[0m
[  0%] Built target _catkin_empty_exported_target
[  0%] Built target rosgraph_msgs_generate_messages_py
[  0%] Built target roscpp_generate_messages_lisp
[35m[1mScanning dependencies of target nav_msgs_generate_messages_eus[0m
[35m[1mScanning dependencies of target rosgraph_msgs_generate_messages_cpp[0m
[35m[1mScanning dependencies of target nav_msgs_generate_messages_lisp[0m
[35m[1mScanning dependencies of target actionlib_msgs_generate_messages_lisp[0m
[35m[1mScanning dependencies of target actionlib_generate_messages_eus[0m
[35m[1mScanning dependencies of target actionlib_msgs_generate_messages_cpp[0m
[35m[1mScanning dependencies of target roscpp_generate_messages_py[0m
[  0%] Built target actionlib_msgs_generate_messages_lisp
[  0%] Built target nav_msgs_generate_messages_lisp
[  0%] Built target rosgraph_msgs_generate_messages_cpp
[  0%] Built target nav_msgs_generate_messages_eus
[  0%] Built target actionlib_msgs_generate_messages_cpp
[  0%] Built target actionlib_generate_messages_eus
[  0%] Built target roscpp_generate_messages_py
[35m[1mScanning dependencies of target nav_msgs_generate_messages_cpp[0m
[35m[1mScanning dependencies of target nav_msgs_generate_messages_py[0m
[35m[1mScanning dependencies of target rosgraph_msgs_generate_messages_eus[0m
[  0%] Built target nav_msgs_generate_messages_cpp
[35m[1mScanning dependencies of target std_msgs_generate_messages_lisp[0m
[  0%] Built target nav_msgs_generate_messages_py
[35m[1mScanning dependencies of target geometry_msgs_generate_messages_py[0m
[  0%] Built target std_msgs_generate_messages_lisp
[  0%] Built target rosgraph_msgs_generate_messages_eus
[35m[1mScanning dependencies of target geometry_msgs_generate_messages_cpp[0m
[  0%] Built target geometry_msgs_generate_messages_py
[35m[1mScanning dependencies of target geometry_msgs_generate_messages_nodejs[0m
[  0%] Built target geometry_msgs_generate_messages_cpp
[35m[1mScanning dependencies of target geometry_msgs_generate_messages_lisp[0m
[35m[1mScanning dependencies of target my_turtlebot_action_server_generate_messages_cpp[0m
[35m[1mScanning dependencies of target my_turtlebot_action_server_generate_messages_py[0m
[  0%] Built target geometry_msgs_generate_messages_nodejs
[35m[1mScanning dependencies of target my_turtlebot_action_server_generate_messages_eus[0m
[  2%] [34m[1mGenerating C++ code from my_turtlebot_action_server/turtlebotActionMessageAction.msg[0m
[  2%] Built target geometry_msgs_generate_messages_lisp
[  4%] [34m[1mGenerating Python from MSG my_turtlebot_action_server/turtlebotActionMessageAction[0m
[  7%] [34m[1mGenerating EusLisp code from my_turtlebot_action_server/turtlebotActionMessageActionGoal.msg[0m
[  9%] [34m[1mGenerating EusLisp code from my_turtlebot_action_server/turtlebotActionMessageAction.msg[0m
[ 12%] [34m[1mGenerating C++ code from my_turtlebot_action_server/turtlebotActionMessageActionGoal.msg[0m
[ 14%] [34m[1mGenerating EusLisp code from my_turtlebot_action_server/turtlebotActionMessageActionResult.msg[0m
[ 17%] [34m[1mGenerating C++ code from my_turtlebot_action_server/turtlebotActionMessageActionResult.msg[0m
[ 19%] [34m[1mGenerating Python from MSG my_turtlebot_action_server/turtlebotActionMessageActionGoal[0m
[ 21%] [34m[1mGenerating Python from MSG my_turtlebot_action_server/turtlebotActionMessageActionResult[0m
[ 24%] [34m[1mGenerating EusLisp code from my_turtlebot_action_server/turtlebotActionMessageActionFeedback.msg[0m
[ 26%] [34m[1mGenerating EusLisp code from my_turtlebot_action_server/turtlebotActionMessageGoal.msg[0m
[ 29%] [34m[1mGenerating C++ code from my_turtlebot_action_server/turtlebotActionMessageActionFeedback.msg[0m
[ 31%] [34m[1mGenerating Python from MSG my_turtlebot_action_server/turtlebotActionMessageActionFeedback[0m
[ 34%] [34m[1mGenerating Python from MSG my_turtlebot_action_server/turtlebotActionMessageGoal[0m
[ 36%] [34m[1mGenerating EusLisp code from my_turtlebot_action_server/turtlebotActionMessageResult.msg[0m
[ 39%] [34m[1mGenerating C++ code from my_turtlebot_action_server/turtlebotActionMessageGoal.msg[0m
[ 41%] [34m[1mGenerating C++ code from my_turtlebot_action_server/turtlebotActionMessageResult.msg[0m
[ 43%] [34m[1mGenerating Python from MSG my_turtlebot_action_server/turtlebotActionMessageResult[0m
[ 46%] [34m[1mGenerating Python from MSG my_turtlebot_action_server/turtlebotActionMessageFeedback[0m
[ 48%] [34m[1mGenerating C++ code from my_turtlebot_action_server/turtlebotActionMessageFeedback.msg[0m
[ 51%] [34m[1mGenerating EusLisp code from my_turtlebot_action_server/turtlebotActionMessageFeedback.msg[0m
[ 53%] [34m[1mGenerating Python msg __init__.py for my_turtlebot_action_server[0m
[35m[1mScanning dependencies of target std_msgs_generate_messages_eus[0m
[ 56%] [34m[1mGenerating EusLisp manifest code for my_turtlebot_action_server[0m
[ 56%] Built target std_msgs_generate_messages_eus
[35m[1mScanning dependencies of target my_turtlebot_action_server_generate_messages_nodejs[0m
[ 56%] Built target my_turtlebot_action_server_generate_messages_cpp
[ 56%] Built target my_turtlebot_action_server_generate_messages_py
[ 58%] [34m[1mGenerating Javascript code from my_turtlebot_action_server/turtlebotActionMessageAction.msg[0m
[35m[1mScanning dependencies of target my_turtlebot_action_server_generate_messages_lisp[0m
[ 60%] [34m[1mGenerating Lisp code from my_turtlebot_action_server/turtlebotActionMessageAction.msg[0m
[ 63%] [34m[1mGenerating Javascript code from my_turtlebot_action_server/turtlebotActionMessageActionGoal.msg[0m
[ 65%] [34m[1mGenerating Javascript code from my_turtlebot_action_server/turtlebotActionMessageActionResult.msg[0m
[ 68%] [34m[1mGenerating Lisp code from my_turtlebot_action_server/turtlebotActionMessageActionGoal.msg[0m
[ 70%] [34m[1mGenerating Javascript code from my_turtlebot_action_server/turtlebotActionMessageActionFeedback.msg[0m
[ 73%] [34m[1mGenerating Javascript code from my_turtlebot_action_server/turtlebotActionMessageGoal.msg[0m
[ 75%] [34m[1mGenerating Lisp code from my_turtlebot_action_server/turtlebotActionMessageActionResult.msg[0m
[ 78%] [34m[1mGenerating Javascript code from my_turtlebot_action_server/turtlebotActionMessageResult.msg[0m
[ 80%] [34m[1mGenerating Lisp code from my_turtlebot_action_server/turtlebotActionMessageActionFeedback.msg[0m
[ 82%] [34m[1mGenerating Lisp code from my_turtlebot_action_server/turtlebotActionMessageGoal.msg[0m
[ 85%] [34m[1mGenerating Javascript code from my_turtlebot_action_server/turtlebotActionMessageFeedback.msg[0m
[ 87%] [34m[1mGenerating Lisp code from my_turtlebot_action_server/turtlebotActionMessageResult.msg[0m
[ 90%] [34m[1mGenerating Lisp code from my_turtlebot_action_server/turtlebotActionMessageFeedback.msg[0m
[ 90%] Built target my_turtlebot_action_server_generate_messages_nodejs
[ 90%] Built target my_turtlebot_action_server_generate_messages_lisp
[ 90%] Built target my_turtlebot_action_server_generate_messages_eus
[35m[1mScanning dependencies of target my_turtlebot_custom_action_server[0m
[35m[1mScanning dependencies of target my_turtlebot_action_server_generate_messages[0m
[35m[1mScanning dependencies of target call_action_test[0m
[ 90%] Built target my_turtlebot_action_server_generate_messages
[ 92%] [32mBuilding CXX object CMakeFiles/call_action_test.dir/src/call_action_test.cpp.o[0m
[ 95%] [32mBuilding CXX object CMakeFiles/my_turtlebot_custom_action_server.dir/src/my_turtlebot_custom_action_server.cpp.o[0m
[ 97%] [32m[1mLinking CXX executable /home/user/catkin_ws/devel/.private/my_turtlebot_action_server/lib/my_turtlebot_action_server/my_turtlebot_custom_action_server[0m
[100%] [32m[1mLinking CXX executable /home/user/catkin_ws/devel/.private/my_turtlebot_action_server/lib/my_turtlebot_action_server/call_action_test[0m
[100%] Built target my_turtlebot_custom_action_server
[100%] Built target call_action_test
