Symlinking /home/user/catkin_ws/devel/lib/my_turtlebot_action_server/my_turtlebot_custom_action_server
Symlinking /home/user/catkin_ws/devel/lib/my_turtlebot_action_server/call_action_test
Symlinking /home/user/catkin_ws/devel/lib/pkgconfig/my_turtlebot_action_server.pc
Symlinking /home/user/catkin_ws/devel/lib/python3/dist-packages/my_turtlebot_action_server/__init__.py
Symlinking /home/user/catkin_ws/devel/lib/python3/dist-packages/my_turtlebot_action_server/msg/_turtlebotActionMessageGoal.py
Symlinking /home/user/catkin_ws/devel/lib/python3/dist-packages/my_turtlebot_action_server/msg/__init__.py
Symlinking /home/user/catkin_ws/devel/lib/python3/dist-packages/my_turtlebot_action_server/msg/_turtlebotActionMessageFeedback.py
Symlinking /home/user/catkin_ws/devel/lib/python3/dist-packages/my_turtlebot_action_server/msg/_turtlebotActionMessageAction.py
Symlinking /home/user/catkin_ws/devel/lib/python3/dist-packages/my_turtlebot_action_server/msg/_turtlebotActionMessageResult.py
Symlinking /home/user/catkin_ws/devel/lib/python3/dist-packages/my_turtlebot_action_server/msg/_turtlebotActionMessageActionGoal.py
Symlinking /home/user/catkin_ws/devel/lib/python3/dist-packages/my_turtlebot_action_server/msg/_turtlebotActionMessageActionResult.py
Symlinking /home/user/catkin_ws/devel/lib/python3/dist-packages/my_turtlebot_action_server/msg/_turtlebotActionMessageActionFeedback.py
Symlinking /home/user/catkin_ws/devel/include/my_turtlebot_action_server/turtlebotActionMessageAction.h
Symlinking /home/user/catkin_ws/devel/include/my_turtlebot_action_server/turtlebotActionMessageActionFeedback.h
Symlinking /home/user/catkin_ws/devel/include/my_turtlebot_action_server/turtlebotActionMessageFeedback.h
Symlinking /home/user/catkin_ws/devel/include/my_turtlebot_action_server/turtlebotActionMessageActionResult.h
Symlinking /home/user/catkin_ws/devel/include/my_turtlebot_action_server/turtlebotActionMessageGoal.h
Symlinking /home/user/catkin_ws/devel/include/my_turtlebot_action_server/turtlebotActionMessageActionGoal.h
Symlinking /home/user/catkin_ws/devel/include/my_turtlebot_action_server/turtlebotActionMessageResult.h
Symlinking /home/user/catkin_ws/devel/share/common-lisp/ros/my_turtlebot_action_server/msg/turtlebotActionMessageGoal.lisp
Symlinking /home/user/catkin_ws/devel/share/common-lisp/ros/my_turtlebot_action_server/msg/turtlebotActionMessageFeedback.lisp
Symlinking /home/user/catkin_ws/devel/share/common-lisp/ros/my_turtlebot_action_server/msg/_package_turtlebotActionMessageFeedback.lisp
Symlinking /home/user/catkin_ws/devel/share/common-lisp/ros/my_turtlebot_action_server/msg/turtlebotActionMessageResult.lisp
Symlinking /home/user/catkin_ws/devel/share/common-lisp/ros/my_turtlebot_action_server/msg/turtlebotActionMessageActionGoal.lisp
Symlinking /home/user/catkin_ws/devel/share/common-lisp/ros/my_turtlebot_action_server/msg/_package_turtlebotActionMessageResult.lisp
Symlinking /home/user/catkin_ws/devel/share/common-lisp/ros/my_turtlebot_action_server/msg/_package_turtlebotActionMessageGoal.lisp
Symlinking /home/user/catkin_ws/devel/share/common-lisp/ros/my_turtlebot_action_server/msg/turtlebotActionMessageActionResult.lisp
Symlinking /home/user/catkin_ws/devel/share/common-lisp/ros/my_turtlebot_action_server/msg/_package_turtlebotActionMessageActionGoal.lisp
Symlinking /home/user/catkin_ws/devel/share/common-lisp/ros/my_turtlebot_action_server/msg/_package_turtlebotActionMessageActionFeedback.lisp
Symlinking /home/user/catkin_ws/devel/share/common-lisp/ros/my_turtlebot_action_server/msg/_package.lisp
Symlinking /home/user/catkin_ws/devel/share/common-lisp/ros/my_turtlebot_action_server/msg/_package_turtlebotActionMessageActionResult.lisp
Symlinking /home/user/catkin_ws/devel/share/common-lisp/ros/my_turtlebot_action_server/msg/_package_turtlebotActionMessageAction.lisp
Symlinking /home/user/catkin_ws/devel/share/common-lisp/ros/my_turtlebot_action_server/msg/turtlebotActionMessageActionFeedback.lisp
Symlinking /home/user/catkin_ws/devel/share/common-lisp/ros/my_turtlebot_action_server/msg/my_turtlebot_action_server-msg.asd
Symlinking /home/user/catkin_ws/devel/share/common-lisp/ros/my_turtlebot_action_server/msg/turtlebotActionMessageAction.lisp
Symlinking /home/user/catkin_ws/devel/share/roseus/ros/my_turtlebot_action_server/manifest.l
Symlinking /home/user/catkin_ws/devel/share/roseus/ros/my_turtlebot_action_server/msg/turtlebotActionMessageActionFeedback.l
Symlinking /home/user/catkin_ws/devel/share/roseus/ros/my_turtlebot_action_server/msg/turtlebotActionMessageFeedback.l
Symlinking /home/user/catkin_ws/devel/share/roseus/ros/my_turtlebot_action_server/msg/turtlebotActionMessageGoal.l
Symlinking /home/user/catkin_ws/devel/share/roseus/ros/my_turtlebot_action_server/msg/turtlebotActionMessageActionGoal.l
Symlinking /home/user/catkin_ws/devel/share/roseus/ros/my_turtlebot_action_server/msg/turtlebotActionMessageActionResult.l
Symlinking /home/user/catkin_ws/devel/share/roseus/ros/my_turtlebot_action_server/msg/turtlebotActionMessageResult.l
Symlinking /home/user/catkin_ws/devel/share/roseus/ros/my_turtlebot_action_server/msg/turtlebotActionMessageAction.l
Symlinking /home/user/catkin_ws/devel/share/gennodejs/ros/my_turtlebot_action_server/_index.js
Symlinking /home/user/catkin_ws/devel/share/gennodejs/ros/my_turtlebot_action_server/msg/turtlebotActionMessageAction.js
Symlinking /home/user/catkin_ws/devel/share/gennodejs/ros/my_turtlebot_action_server/msg/turtlebotActionMessageActionFeedback.js
Symlinking /home/user/catkin_ws/devel/share/gennodejs/ros/my_turtlebot_action_server/msg/_index.js
Symlinking /home/user/catkin_ws/devel/share/gennodejs/ros/my_turtlebot_action_server/msg/turtlebotActionMessageResult.js
Symlinking /home/user/catkin_ws/devel/share/gennodejs/ros/my_turtlebot_action_server/msg/turtlebotActionMessageFeedback.js
Symlinking /home/user/catkin_ws/devel/share/gennodejs/ros/my_turtlebot_action_server/msg/turtlebotActionMessageGoal.js
Symlinking /home/user/catkin_ws/devel/share/gennodejs/ros/my_turtlebot_action_server/msg/turtlebotActionMessageActionResult.js
Symlinking /home/user/catkin_ws/devel/share/gennodejs/ros/my_turtlebot_action_server/msg/turtlebotActionMessageActionGoal.js
Symlinking /home/user/catkin_ws/devel/share/my_turtlebot_action_server/msg/turtlebotActionMessageActionFeedback.msg
Symlinking /home/user/catkin_ws/devel/share/my_turtlebot_action_server/msg/turtlebotActionMessageGoal.msg
Symlinking /home/user/catkin_ws/devel/share/my_turtlebot_action_server/msg/turtlebotActionMessageResult.msg
Symlinking /home/user/catkin_ws/devel/share/my_turtlebot_action_server/msg/turtlebotActionMessageActionResult.msg
Symlinking /home/user/catkin_ws/devel/share/my_turtlebot_action_server/msg/turtlebotActionMessageAction.msg
Symlinking /home/user/catkin_ws/devel/share/my_turtlebot_action_server/msg/turtlebotActionMessageFeedback.msg
Symlinking /home/user/catkin_ws/devel/share/my_turtlebot_action_server/msg/turtlebotActionMessageActionGoal.msg
Symlinking /home/user/catkin_ws/devel/share/my_turtlebot_action_server/cmake/my_turtlebot_action_serverConfig.cmake
Symlinking /home/user/catkin_ws/devel/share/my_turtlebot_action_server/cmake/my_turtlebot_action_serverConfig-version.cmake
Symlinking /home/user/catkin_ws/devel/share/my_turtlebot_action_server/cmake/my_turtlebot_action_server-msg-paths.cmake
Symlinking /home/user/catkin_ws/devel/share/my_turtlebot_action_server/cmake/my_turtlebot_action_server-msg-extras.cmake
