[35m[1mScanning dependencies of target roscpp_generate_messages_eus[0m
[  0%] Built target roscpp_generate_messages_eus
[35m[1mScanning dependencies of target std_msgs_generate_messages_py[0m
[  0%] Built target std_msgs_generate_messages_py
[35m[1mScanning dependencies of target std_msgs_generate_messages_nodejs[0m
[  0%] Built target std_msgs_generate_messages_nodejs
[35m[1mScanning dependencies of target std_msgs_generate_messages_cpp[0m
[  0%] Built target std_msgs_generate_messages_cpp
[35m[1mScanning dependencies of target rosgraph_msgs_generate_messages_nodejs[0m
[  0%] Built target rosgraph_msgs_generate_messages_nodejs
[35m[1mScanning dependencies of target rosgraph_msgs_generate_messages_py[0m
[  0%] Built target rosgraph_msgs_generate_messages_py
[35m[1mScanning dependencies of target roscpp_generate_messages_lisp[0m
[  0%] Built target roscpp_generate_messages_lisp
[35m[1mScanning dependencies of target std_msgs_generate_messages_eus[0m
[  0%] Built target std_msgs_generate_messages_eus
[35m[1mScanning dependencies of target roscpp_generate_messages_nodejs[0m
[35m[1mScanning dependencies of target rosgraph_msgs_generate_messages_cpp[0m
[  0%] Built target roscpp_generate_messages_nodejs
[35m[1mScanning dependencies of target rosgraph_msgs_generate_messages_eus[0m
[  0%] Built target rosgraph_msgs_generate_messages_eus
[  0%] Built target rosgraph_msgs_generate_messages_cpp
[35m[1mScanning dependencies of target rosgraph_msgs_generate_messages_lisp[0m
[  0%] Built target rosgraph_msgs_generate_messages_lisp
[35m[1mScanning dependencies of target std_msgs_generate_messages_lisp[0m
[  0%] Built target std_msgs_generate_messages_lisp
[35m[1mScanning dependencies of target roscpp_generate_messages_py[0m
[  0%] Built target roscpp_generate_messages_py
[35m[1mScanning dependencies of target roscpp_generate_messages_cpp[0m
[  0%] Built target roscpp_generate_messages_cpp
[35m[1mScanning dependencies of target bb8_move_in_circle_service_server[0m
[ 25%] [32mBuilding CXX object CMakeFiles/bb8_move_in_circle_service_server.dir/src/bb8_move_in_circle_service_server.cpp.o[0m
[35m[1mScanning dependencies of target bb8_move_in_circle_service_client[0m
[ 50%] [32mBuilding CXX object CMakeFiles/bb8_move_in_circle_service_client.dir/src/bb8_move_in_circle_service_client.cpp.o[0m
[ 75%] [32m[1mLinking CXX executable /home/user/catkin_ws/devel/.private/bb8_robot_service/lib/bb8_robot_service/bb8_move_in_circle_service_server[0m
[ 75%] Built target bb8_move_in_circle_service_server
[100%] [32m[1mLinking CXX executable /home/user/catkin_ws/devel/.private/bb8_robot_service/lib/bb8_robot_service/bb8_move_in_circle_service_client[0m
[100%] Built target bb8_move_in_circle_service_client
