Symlinking /home/user/catkin_ws/devel/lib/my_turtlebot_service_server/call_service_test
Symlinking /home/user/catkin_ws/devel/lib/my_turtlebot_service_server/my_turtlebot_service_server_cpp
Symlinking /home/user/catkin_ws/devel/lib/pkgconfig/my_turtlebot_service_server.pc
Symlinking /home/user/catkin_ws/devel/lib/python3/dist-packages/my_turtlebot_service_server/__init__.py
Symlinking /home/user/catkin_ws/devel/lib/python3/dist-packages/my_turtlebot_service_server/srv/__init__.py
Symlinking /home/user/catkin_ws/devel/lib/python3/dist-packages/my_turtlebot_service_server/srv/_turtlebotServiceMessage.py
Symlinking /home/user/catkin_ws/devel/include/my_turtlebot_service_server/turtlebotServiceMessageResponse.h
Symlinking /home/user/catkin_ws/devel/include/my_turtlebot_service_server/turtlebotServiceMessage.h
Symlinking /home/user/catkin_ws/devel/include/my_turtlebot_service_server/turtlebotServiceMessageRequest.h
Symlinking /home/user/catkin_ws/devel/share/common-lisp/ros/my_turtlebot_service_server/srv/my_turtlebot_service_server-srv.asd
Symlinking /home/user/catkin_ws/devel/share/common-lisp/ros/my_turtlebot_service_server/srv/_package.lisp
Symlinking /home/user/catkin_ws/devel/share/common-lisp/ros/my_turtlebot_service_server/srv/turtlebotServiceMessage.lisp
Symlinking /home/user/catkin_ws/devel/share/common-lisp/ros/my_turtlebot_service_server/srv/_package_turtlebotServiceMessage.lisp
Symlinking /home/user/catkin_ws/devel/share/my_turtlebot_service_server/cmake/my_turtlebot_service_serverConfig-version.cmake
Symlinking /home/user/catkin_ws/devel/share/my_turtlebot_service_server/cmake/my_turtlebot_service_server-msg-extras.cmake
Symlinking /home/user/catkin_ws/devel/share/my_turtlebot_service_server/cmake/my_turtlebot_service_server-msg-paths.cmake
Symlinking /home/user/catkin_ws/devel/share/my_turtlebot_service_server/cmake/my_turtlebot_service_serverConfig.cmake
Symlinking /home/user/catkin_ws/devel/share/roseus/ros/my_turtlebot_service_server/manifest.l
Symlinking /home/user/catkin_ws/devel/share/roseus/ros/my_turtlebot_service_server/srv/turtlebotServiceMessage.l
Symlinking /home/user/catkin_ws/devel/share/gennodejs/ros/my_turtlebot_service_server/_index.js
Symlinking /home/user/catkin_ws/devel/share/gennodejs/ros/my_turtlebot_service_server/srv/_index.js
Symlinking /home/user/catkin_ws/devel/share/gennodejs/ros/my_turtlebot_service_server/srv/turtlebotServiceMessage.js
