[  0%] Built target roscpp_generate_messages_eus
[  0%] Built target actionlib_msgs_generate_messages_cpp
[  0%] Built target rosgraph_msgs_generate_messages_eus
[  0%] Built target std_msgs_generate_messages_lisp
[  0%] Built target actionlib_generate_messages_eus
[  0%] Built target roscpp_generate_messages_py
[  0%] Built target actionlib_msgs_generate_messages_lisp
[  0%] Built target rosgraph_msgs_generate_messages_py
[  0%] Built target actionlib_generate_messages_lisp
[  0%] Built target _catkin_empty_exported_target
[  0%] Built target actionlib_msgs_generate_messages_nodejs
[  0%] Built target roscpp_generate_messages_lisp
[  0%] Built target actionlib_msgs_generate_messages_eus
[  0%] Built target actionlib_generate_messages_py
[  0%] Built target actionlib_generate_messages_nodejs
[  0%] Built target rosgraph_msgs_generate_messages_lisp
[  0%] Built target rosgraph_msgs_generate_messages_nodejs
[  0%] Built target actionlib_msgs_generate_messages_py
[  0%] Built target actionlib_generate_messages_cpp
[  0%] Built target std_msgs_generate_messages_cpp
[  0%] Built target std_msgs_generate_messages_eus
[  0%] Built target rosgraph_msgs_generate_messages_cpp
[  0%] Built target std_msgs_generate_messages_nodejs
[  0%] Built target roscpp_generate_messages_nodejs
[  0%] Built target std_msgs_generate_messages_py
[  0%] Built target roscpp_generate_messages_cpp
[35m[1mScanning dependencies of target wait[0m
[35m[1mScanning dependencies of target no_wait[0m
[ 33%] Built target ardrone_action_client
[ 50%] [32mBuilding CXX object CMakeFiles/wait.dir/src/wait_for_the_result_test.cpp.o[0m
[ 66%] [32mBuilding CXX object CMakeFiles/no_wait.dir/src/no_wait_for_the_result_test.cpp.o[0m
[ 83%] [32m[1mLinking CXX executable /home/user/catkin_ws/devel/.private/action_client_pkg/lib/action_client_pkg/no_wait[0m
[100%] [32m[1mLinking CXX executable /home/user/catkin_ws/devel/.private/action_client_pkg/lib/action_client_pkg/wait[0m
[100%] Built target no_wait
[100%] Built target wait
