[  0%] Built target _bb8_robot_custom_service_generate_messages_check_deps_robotDuration
[  0%] Built target std_msgs_generate_messages_lisp
[  0%] Built target std_msgs_generate_messages_py
[  0%] Built target rosgraph_msgs_generate_messages_eus
[  0%] Built target roscpp_generate_messages_nodejs
[  0%] Built target std_msgs_generate_messages_eus
[  0%] Built target roscpp_generate_messages_eus
[  0%] Built target roscpp_generate_messages_cpp
[  0%] Built target roscpp_generate_messages_py
[  0%] Built target rosgraph_msgs_generate_messages_py
[  0%] Built target rosgraph_msgs_generate_messages_lisp
[  0%] Built target std_msgs_generate_messages_cpp
[  0%] Built target roscpp_generate_messages_lisp
[  0%] Built target rosgraph_msgs_generate_messages_nodejs
[  0%] Built target std_msgs_generate_messages_nodejs
[ 22%] Built target bb8_robot_custom_service_generate_messages_eus
[ 22%] Built target rosgraph_msgs_generate_messages_cpp
[ 33%] Built target bb8_robot_custom_service_generate_messages_lisp
[ 55%] Built target bb8_robot_custom_service_generate_messages_py
[ 66%] Built target bb8_robot_custom_service_generate_messages_cpp
[ 77%] Built target bb8_robot_custom_service_generate_messages_nodejs
[100%] Built target bb8_move_custom_service_server
[100%] Built target bb8_robot_custom_service_generate_messages
