Symlinking /home/user/catkin_ws/devel/lib/bb8_robot_custom_service/bb8_move_custom_service_server
Symlinking /home/user/catkin_ws/devel/lib/pkgconfig/bb8_robot_custom_service.pc
Symlinking /home/user/catkin_ws/devel/lib/python3/dist-packages/bb8_robot_custom_service/__init__.py
Symlinking /home/user/catkin_ws/devel/lib/python3/dist-packages/bb8_robot_custom_service/srv/_robotDuration.py
Symlinking /home/user/catkin_ws/devel/lib/python3/dist-packages/bb8_robot_custom_service/srv/__init__.py
Symlinking /home/user/catkin_ws/devel/include/bb8_robot_custom_service/robotDuration.h
Symlinking /home/user/catkin_ws/devel/include/bb8_robot_custom_service/robotDurationResponse.h
Symlinking /home/user/catkin_ws/devel/include/bb8_robot_custom_service/robotDurationRequest.h
Symlinking /home/user/catkin_ws/devel/share/common-lisp/ros/bb8_robot_custom_service/srv/_package_robotDuration.lisp
Symlinking /home/user/catkin_ws/devel/share/common-lisp/ros/bb8_robot_custom_service/srv/robotDuration.lisp
Symlinking /home/user/catkin_ws/devel/share/common-lisp/ros/bb8_robot_custom_service/srv/_package.lisp
Symlinking /home/user/catkin_ws/devel/share/common-lisp/ros/bb8_robot_custom_service/srv/bb8_robot_custom_service-srv.asd
Symlinking /home/user/catkin_ws/devel/share/bb8_robot_custom_service/cmake/bb8_robot_custom_serviceConfig.cmake
Symlinking /home/user/catkin_ws/devel/share/bb8_robot_custom_service/cmake/bb8_robot_custom_service-msg-extras.cmake
Symlinking /home/user/catkin_ws/devel/share/bb8_robot_custom_service/cmake/bb8_robot_custom_service-msg-paths.cmake
Symlinking /home/user/catkin_ws/devel/share/bb8_robot_custom_service/cmake/bb8_robot_custom_serviceConfig-version.cmake
Symlinking /home/user/catkin_ws/devel/share/roseus/ros/bb8_robot_custom_service/manifest.l
Symlinking /home/user/catkin_ws/devel/share/roseus/ros/bb8_robot_custom_service/srv/robotDuration.l
Symlinking /home/user/catkin_ws/devel/share/gennodejs/ros/bb8_robot_custom_service/_index.js
Symlinking /home/user/catkin_ws/devel/share/gennodejs/ros/bb8_robot_custom_service/srv/_index.js
Symlinking /home/user/catkin_ws/devel/share/gennodejs/ros/bb8_robot_custom_service/srv/robotDuration.js
