[01m[K/home/user/catkin_ws/src/actions_quiz/src/custom_action.cpp:[m[K In member function '[01m[Kvoid CustomAction::executeCB(const CustomActionMsgGoalConstPtr&)[m[K':
[01m[K/home/user/catkin_ws/src/actions_quiz/src/custom_action.cpp:98:21:[m[K [01;31m[Kerror: [m[Kcannot convert '[01m[Kconst _goal_type[m[K' {aka '[01m[Kconst std::__cxx11::basic_string<char>[m[K'} to '[01m[Kconst char*[m[K'
   98 |     if(strcmp([01;31m[Kgoal->goal[m[K, "TAKEOFF")) {
      |               [01;31m[K~~~~~~^~~~[m[K
      |                     [01;31m[K|[m[K
      |                     [01;31m[Kconst _goal_type {aka const std::__cxx11::basic_string<char>}[m[K
In file included from [01m[K/usr/include/c++/9/cstring:42[m[K,
                 from [01m[K/usr/include/boost/math/policies/error_handling.hpp:14[m[K,
                 from [01m[K/usr/include/boost/math/special_functions/round.hpp:14[m[K,
                 from [01m[K/opt/ros/noetic/include/ros/time.h:58[m[K,
                 from [01m[K/opt/ros/noetic/include/ros/ros.h:38[m[K,
                 from [01m[K/home/user/catkin_ws/src/actions_quiz/src/custom_action.cpp:1[m[K:
[01m[K/usr/include/string.h:137:32:[m[K [01;36m[Knote: [m[K  initializing argument 1 of '[01m[Kint strcmp(const char*, const char*)[m[K'
  137 | extern int strcmp ([01;36m[Kconst char *__s1[m[K, const char *__s2)
      |                    [01;36m[K~~~~~~~~~~~~^~~~[m[K
[01m[K/home/user/catkin_ws/src/actions_quiz/src/custom_action.cpp:100:29:[m[K [01;31m[Kerror: [m[Kcannot convert '[01m[Kconst _goal_type[m[K' {aka '[01m[Kconst std::__cxx11::basic_string<char>[m[K'} to '[01m[Kconst char*[m[K'
  100 |     } else if (strcmp([01;31m[Kgoal->goal[m[K, "LAND")) {
      |                       [01;31m[K~~~~~~^~~~[m[K
      |                             [01;31m[K|[m[K
      |                             [01;31m[Kconst _goal_type {aka const std::__cxx11::basic_string<char>}[m[K
In file included from [01m[K/usr/include/c++/9/cstring:42[m[K,
                 from [01m[K/usr/include/boost/math/policies/error_handling.hpp:14[m[K,
                 from [01m[K/usr/include/boost/math/special_functions/round.hpp:14[m[K,
                 from [01m[K/opt/ros/noetic/include/ros/time.h:58[m[K,
                 from [01m[K/opt/ros/noetic/include/ros/ros.h:38[m[K,
                 from [01m[K/home/user/catkin_ws/src/actions_quiz/src/custom_action.cpp:1[m[K:
[01m[K/usr/include/string.h:137:32:[m[K [01;36m[Knote: [m[K  initializing argument 1 of '[01m[Kint strcmp(const char*, const char*)[m[K'
  137 | extern int strcmp ([01;36m[Kconst char *__s1[m[K, const char *__s2)
      |                    [01;36m[K~~~~~~~~~~~~^~~~[m[K
make[2]: *** [CMakeFiles/actions.dir/build.make:63: CMakeFiles/actions.dir/src/custom_action.cpp.o] Error 1
make[1]: *** [CMakeFiles/Makefile2:211: CMakeFiles/actions.dir/all] Error 2
make: *** [Makefile:141: all] Error 2
