[  0%] Built target roscpp_generate_messages_eus
[  0%] Built target _actions_quiz_generate_messages_check_deps_CustomActionMsgActionFeedback
[  0%] Built target _actions_quiz_generate_messages_check_deps_CustomActionMsgActionResult
[  0%] Built target actionlib_msgs_generate_messages_cpp
[  0%] Built target _actions_quiz_generate_messages_check_deps_CustomActionMsgResult
[  0%] Built target _actions_quiz_generate_messages_check_deps_CustomActionMsgAction
[  0%] Built target _actions_quiz_generate_messages_check_deps_CustomActionMsgGoal
[  0%] Built target _actions_quiz_generate_messages_check_deps_CustomActionMsgActionGoal
[  0%] Built target _actions_quiz_generate_messages_check_deps_CustomActionMsgFeedback
[  0%] Built target std_msgs_generate_messages_lisp
[  0%] Built target std_msgs_generate_messages_cpp
[  0%] Built target actionlib_generate_messages_eus
[  0%] Built target rosgraph_msgs_generate_messages_eus
[  0%] Built target roscpp_generate_messages_py
[  0%] Built target actionlib_msgs_generate_messages_lisp
[  0%] Built target rosgraph_msgs_generate_messages_py
[  0%] Built target actionlib_generate_messages_nodejs
[  0%] Built target roscpp_generate_messages_lisp
[  0%] Built target actionlib_generate_messages_lisp
[  0%] Built target _catkin_empty_exported_target
[  0%] Built target actionlib_msgs_generate_messages_nodejs
[  0%] Built target actionlib_generate_messages_py
[  0%] Built target actionlib_msgs_generate_messages_eus
[  0%] Built target rosgraph_msgs_generate_messages_nodejs
[  0%] Built target actionlib_generate_messages_cpp
[  0%] Built target rosgraph_msgs_generate_messages_lisp
[  0%] Built target std_msgs_generate_messages_eus
[  0%] Built target actionlib_msgs_generate_messages_py
[  0%] Built target roscpp_generate_messages_nodejs
[  0%] Built target rosgraph_msgs_generate_messages_cpp
[  0%] Built target roscpp_generate_messages_cpp
[ 20%] Built target actions_quiz_generate_messages_eus
[ 20%] Built target std_msgs_generate_messages_py
[ 20%] Built target std_msgs_generate_messages_nodejs
[ 38%] Built target actions_quiz_generate_messages_lisp
[ 56%] Built target actions_quiz_generate_messages_cpp
[35m[1mScanning dependencies of target actions[0m
[ 74%] Built target actions_quiz_generate_messages_nodejs
[ 94%] Built target actions_quiz_generate_messages_py
[ 97%] [32mBuilding CXX object CMakeFiles/actions.dir/src/custom_action.cpp.o[0m
[ 97%] Built target actions_quiz_generate_messages
[100%] [32m[1mLinking CXX executable /home/user/catkin_ws/devel/.private/actions_quiz/lib/actions_quiz/actions[0m
[100%] Built target actions
