Linked: (/home/user/catkin_ws/devel/.private/actions_quiz/lib/actions_quiz/actions, /home/user/catkin_ws/devel/lib/actions_quiz/actions)
Linked: (/home/user/catkin_ws/devel/.private/actions_quiz/lib/pkgconfig/actions_quiz.pc, /home/user/catkin_ws/devel/lib/pkgconfig/actions_quiz.pc)
Linked: (/home/user/catkin_ws/devel/.private/actions_quiz/lib/python3/dist-packages/actions_quiz/__init__.py, /home/user/catkin_ws/devel/lib/python3/dist-packages/actions_quiz/__init__.py)
Linked: (/home/user/catkin_ws/devel/.private/actions_quiz/lib/python3/dist-packages/actions_quiz/msg/_CustomActionMsgActionFeedback.py, /home/user/catkin_ws/devel/lib/python3/dist-packages/actions_quiz/msg/_CustomActionMsgActionFeedback.py)
Linked: (/home/user/catkin_ws/devel/.private/actions_quiz/lib/python3/dist-packages/actions_quiz/msg/_CustomActionMsgAction.py, /home/user/catkin_ws/devel/lib/python3/dist-packages/actions_quiz/msg/_CustomActionMsgAction.py)
Linked: (/home/user/catkin_ws/devel/.private/actions_quiz/lib/python3/dist-packages/actions_quiz/msg/_CustomActionMsgFeedback.py, /home/user/catkin_ws/devel/lib/python3/dist-packages/actions_quiz/msg/_CustomActionMsgFeedback.py)
Linked: (/home/user/catkin_ws/devel/.private/actions_quiz/lib/python3/dist-packages/actions_quiz/msg/__init__.py, /home/user/catkin_ws/devel/lib/python3/dist-packages/actions_quiz/msg/__init__.py)
Linked: (/home/user/catkin_ws/devel/.private/actions_quiz/lib/python3/dist-packages/actions_quiz/msg/_CustomActionMsgActionGoal.py, /home/user/catkin_ws/devel/lib/python3/dist-packages/actions_quiz/msg/_CustomActionMsgActionGoal.py)
Linked: (/home/user/catkin_ws/devel/.private/actions_quiz/lib/python3/dist-packages/actions_quiz/msg/_CustomActionMsgGoal.py, /home/user/catkin_ws/devel/lib/python3/dist-packages/actions_quiz/msg/_CustomActionMsgGoal.py)
Linked: (/home/user/catkin_ws/devel/.private/actions_quiz/lib/python3/dist-packages/actions_quiz/msg/_CustomActionMsgResult.py, /home/user/catkin_ws/devel/lib/python3/dist-packages/actions_quiz/msg/_CustomActionMsgResult.py)
Linked: (/home/user/catkin_ws/devel/.private/actions_quiz/lib/python3/dist-packages/actions_quiz/msg/_CustomActionMsgActionResult.py, /home/user/catkin_ws/devel/lib/python3/dist-packages/actions_quiz/msg/_CustomActionMsgActionResult.py)
Linked: (/home/user/catkin_ws/devel/.private/actions_quiz/include/actions_quiz/CustomActionMsgAction.h, /home/user/catkin_ws/devel/include/actions_quiz/CustomActionMsgAction.h)
Linked: (/home/user/catkin_ws/devel/.private/actions_quiz/include/actions_quiz/CustomActionMsgFeedback.h, /home/user/catkin_ws/devel/include/actions_quiz/CustomActionMsgFeedback.h)
Linked: (/home/user/catkin_ws/devel/.private/actions_quiz/include/actions_quiz/CustomActionMsgActionGoal.h, /home/user/catkin_ws/devel/include/actions_quiz/CustomActionMsgActionGoal.h)
Linked: (/home/user/catkin_ws/devel/.private/actions_quiz/include/actions_quiz/CustomActionMsgActionResult.h, /home/user/catkin_ws/devel/include/actions_quiz/CustomActionMsgActionResult.h)
Linked: (/home/user/catkin_ws/devel/.private/actions_quiz/include/actions_quiz/CustomActionMsgResult.h, /home/user/catkin_ws/devel/include/actions_quiz/CustomActionMsgResult.h)
Linked: (/home/user/catkin_ws/devel/.private/actions_quiz/include/actions_quiz/CustomActionMsgActionFeedback.h, /home/user/catkin_ws/devel/include/actions_quiz/CustomActionMsgActionFeedback.h)
Linked: (/home/user/catkin_ws/devel/.private/actions_quiz/include/actions_quiz/CustomActionMsgGoal.h, /home/user/catkin_ws/devel/include/actions_quiz/CustomActionMsgGoal.h)
Linked: (/home/user/catkin_ws/devel/.private/actions_quiz/share/common-lisp/ros/actions_quiz/msg/_package_CustomActionMsgGoal.lisp, /home/user/catkin_ws/devel/share/common-lisp/ros/actions_quiz/msg/_package_CustomActionMsgGoal.lisp)
Linked: (/home/user/catkin_ws/devel/.private/actions_quiz/share/common-lisp/ros/actions_quiz/msg/CustomActionMsgActionResult.lisp, /home/user/catkin_ws/devel/share/common-lisp/ros/actions_quiz/msg/CustomActionMsgActionResult.lisp)
Linked: (/home/user/catkin_ws/devel/.private/actions_quiz/share/common-lisp/ros/actions_quiz/msg/CustomActionMsgGoal.lisp, /home/user/catkin_ws/devel/share/common-lisp/ros/actions_quiz/msg/CustomActionMsgGoal.lisp)
Linked: (/home/user/catkin_ws/devel/.private/actions_quiz/share/common-lisp/ros/actions_quiz/msg/_package_CustomActionMsgAction.lisp, /home/user/catkin_ws/devel/share/common-lisp/ros/actions_quiz/msg/_package_CustomActionMsgAction.lisp)
Linked: (/home/user/catkin_ws/devel/.private/actions_quiz/share/common-lisp/ros/actions_quiz/msg/CustomActionMsgActionFeedback.lisp, /home/user/catkin_ws/devel/share/common-lisp/ros/actions_quiz/msg/CustomActionMsgActionFeedback.lisp)
Linked: (/home/user/catkin_ws/devel/.private/actions_quiz/share/common-lisp/ros/actions_quiz/msg/_package_CustomActionMsgActionGoal.lisp, /home/user/catkin_ws/devel/share/common-lisp/ros/actions_quiz/msg/_package_CustomActionMsgActionGoal.lisp)
Linked: (/home/user/catkin_ws/devel/.private/actions_quiz/share/common-lisp/ros/actions_quiz/msg/CustomActionMsgActionGoal.lisp, /home/user/catkin_ws/devel/share/common-lisp/ros/actions_quiz/msg/CustomActionMsgActionGoal.lisp)
Linked: (/home/user/catkin_ws/devel/.private/actions_quiz/share/common-lisp/ros/actions_quiz/msg/_package_CustomActionMsgActionFeedback.lisp, /home/user/catkin_ws/devel/share/common-lisp/ros/actions_quiz/msg/_package_CustomActionMsgActionFeedback.lisp)
Linked: (/home/user/catkin_ws/devel/.private/actions_quiz/share/common-lisp/ros/actions_quiz/msg/_package_CustomActionMsgResult.lisp, /home/user/catkin_ws/devel/share/common-lisp/ros/actions_quiz/msg/_package_CustomActionMsgResult.lisp)
Linked: (/home/user/catkin_ws/devel/.private/actions_quiz/share/common-lisp/ros/actions_quiz/msg/_package_CustomActionMsgFeedback.lisp, /home/user/catkin_ws/devel/share/common-lisp/ros/actions_quiz/msg/_package_CustomActionMsgFeedback.lisp)
Linked: (/home/user/catkin_ws/devel/.private/actions_quiz/share/common-lisp/ros/actions_quiz/msg/CustomActionMsgFeedback.lisp, /home/user/catkin_ws/devel/share/common-lisp/ros/actions_quiz/msg/CustomActionMsgFeedback.lisp)
Linked: (/home/user/catkin_ws/devel/.private/actions_quiz/share/common-lisp/ros/actions_quiz/msg/_package_CustomActionMsgActionResult.lisp, /home/user/catkin_ws/devel/share/common-lisp/ros/actions_quiz/msg/_package_CustomActionMsgActionResult.lisp)
Linked: (/home/user/catkin_ws/devel/.private/actions_quiz/share/common-lisp/ros/actions_quiz/msg/_package.lisp, /home/user/catkin_ws/devel/share/common-lisp/ros/actions_quiz/msg/_package.lisp)
Linked: (/home/user/catkin_ws/devel/.private/actions_quiz/share/common-lisp/ros/actions_quiz/msg/CustomActionMsgResult.lisp, /home/user/catkin_ws/devel/share/common-lisp/ros/actions_quiz/msg/CustomActionMsgResult.lisp)
Linked: (/home/user/catkin_ws/devel/.private/actions_quiz/share/common-lisp/ros/actions_quiz/msg/actions_quiz-msg.asd, /home/user/catkin_ws/devel/share/common-lisp/ros/actions_quiz/msg/actions_quiz-msg.asd)
Linked: (/home/user/catkin_ws/devel/.private/actions_quiz/share/common-lisp/ros/actions_quiz/msg/CustomActionMsgAction.lisp, /home/user/catkin_ws/devel/share/common-lisp/ros/actions_quiz/msg/CustomActionMsgAction.lisp)
Linked: (/home/user/catkin_ws/devel/.private/actions_quiz/share/roseus/ros/actions_quiz/manifest.l, /home/user/catkin_ws/devel/share/roseus/ros/actions_quiz/manifest.l)
Linked: (/home/user/catkin_ws/devel/.private/actions_quiz/share/roseus/ros/actions_quiz/msg/CustomActionMsgActionResult.l, /home/user/catkin_ws/devel/share/roseus/ros/actions_quiz/msg/CustomActionMsgActionResult.l)
Linked: (/home/user/catkin_ws/devel/.private/actions_quiz/share/roseus/ros/actions_quiz/msg/CustomActionMsgActionGoal.l, /home/user/catkin_ws/devel/share/roseus/ros/actions_quiz/msg/CustomActionMsgActionGoal.l)
Linked: (/home/user/catkin_ws/devel/.private/actions_quiz/share/roseus/ros/actions_quiz/msg/CustomActionMsgGoal.l, /home/user/catkin_ws/devel/share/roseus/ros/actions_quiz/msg/CustomActionMsgGoal.l)
Linked: (/home/user/catkin_ws/devel/.private/actions_quiz/share/roseus/ros/actions_quiz/msg/CustomActionMsgActionFeedback.l, /home/user/catkin_ws/devel/share/roseus/ros/actions_quiz/msg/CustomActionMsgActionFeedback.l)
Linked: (/home/user/catkin_ws/devel/.private/actions_quiz/share/roseus/ros/actions_quiz/msg/CustomActionMsgFeedback.l, /home/user/catkin_ws/devel/share/roseus/ros/actions_quiz/msg/CustomActionMsgFeedback.l)
Linked: (/home/user/catkin_ws/devel/.private/actions_quiz/share/roseus/ros/actions_quiz/msg/CustomActionMsgResult.l, /home/user/catkin_ws/devel/share/roseus/ros/actions_quiz/msg/CustomActionMsgResult.l)
Linked: (/home/user/catkin_ws/devel/.private/actions_quiz/share/roseus/ros/actions_quiz/msg/CustomActionMsgAction.l, /home/user/catkin_ws/devel/share/roseus/ros/actions_quiz/msg/CustomActionMsgAction.l)
Linked: (/home/user/catkin_ws/devel/.private/actions_quiz/share/actions_quiz/msg/CustomActionMsgActionFeedback.msg, /home/user/catkin_ws/devel/share/actions_quiz/msg/CustomActionMsgActionFeedback.msg)
Linked: (/home/user/catkin_ws/devel/.private/actions_quiz/share/actions_quiz/msg/CustomActionMsgActionResult.msg, /home/user/catkin_ws/devel/share/actions_quiz/msg/CustomActionMsgActionResult.msg)
Linked: (/home/user/catkin_ws/devel/.private/actions_quiz/share/actions_quiz/msg/CustomActionMsgAction.msg, /home/user/catkin_ws/devel/share/actions_quiz/msg/CustomActionMsgAction.msg)
Linked: (/home/user/catkin_ws/devel/.private/actions_quiz/share/actions_quiz/msg/CustomActionMsgGoal.msg, /home/user/catkin_ws/devel/share/actions_quiz/msg/CustomActionMsgGoal.msg)
Linked: (/home/user/catkin_ws/devel/.private/actions_quiz/share/actions_quiz/msg/CustomActionMsgFeedback.msg, /home/user/catkin_ws/devel/share/actions_quiz/msg/CustomActionMsgFeedback.msg)
Linked: (/home/user/catkin_ws/devel/.private/actions_quiz/share/actions_quiz/msg/CustomActionMsgActionGoal.msg, /home/user/catkin_ws/devel/share/actions_quiz/msg/CustomActionMsgActionGoal.msg)
Linked: (/home/user/catkin_ws/devel/.private/actions_quiz/share/actions_quiz/msg/CustomActionMsgResult.msg, /home/user/catkin_ws/devel/share/actions_quiz/msg/CustomActionMsgResult.msg)
Linked: (/home/user/catkin_ws/devel/.private/actions_quiz/share/actions_quiz/cmake/actions_quizConfig-version.cmake, /home/user/catkin_ws/devel/share/actions_quiz/cmake/actions_quizConfig-version.cmake)
Linked: (/home/user/catkin_ws/devel/.private/actions_quiz/share/actions_quiz/cmake/actions_quizConfig.cmake, /home/user/catkin_ws/devel/share/actions_quiz/cmake/actions_quizConfig.cmake)
Linked: (/home/user/catkin_ws/devel/.private/actions_quiz/share/actions_quiz/cmake/actions_quiz-msg-extras.cmake, /home/user/catkin_ws/devel/share/actions_quiz/cmake/actions_quiz-msg-extras.cmake)
Linked: (/home/user/catkin_ws/devel/.private/actions_quiz/share/actions_quiz/cmake/actions_quiz-msg-paths.cmake, /home/user/catkin_ws/devel/share/actions_quiz/cmake/actions_quiz-msg-paths.cmake)
Linked: (/home/user/catkin_ws/devel/.private/actions_quiz/share/gennodejs/ros/actions_quiz/_index.js, /home/user/catkin_ws/devel/share/gennodejs/ros/actions_quiz/_index.js)
Linked: (/home/user/catkin_ws/devel/.private/actions_quiz/share/gennodejs/ros/actions_quiz/msg/_index.js, /home/user/catkin_ws/devel/share/gennodejs/ros/actions_quiz/msg/_index.js)
Linked: (/home/user/catkin_ws/devel/.private/actions_quiz/share/gennodejs/ros/actions_quiz/msg/CustomActionMsgActionGoal.js, /home/user/catkin_ws/devel/share/gennodejs/ros/actions_quiz/msg/CustomActionMsgActionGoal.js)
Linked: (/home/user/catkin_ws/devel/.private/actions_quiz/share/gennodejs/ros/actions_quiz/msg/CustomActionMsgGoal.js, /home/user/catkin_ws/devel/share/gennodejs/ros/actions_quiz/msg/CustomActionMsgGoal.js)
Linked: (/home/user/catkin_ws/devel/.private/actions_quiz/share/gennodejs/ros/actions_quiz/msg/CustomActionMsgActionResult.js, /home/user/catkin_ws/devel/share/gennodejs/ros/actions_quiz/msg/CustomActionMsgActionResult.js)
Linked: (/home/user/catkin_ws/devel/.private/actions_quiz/share/gennodejs/ros/actions_quiz/msg/CustomActionMsgActionFeedback.js, /home/user/catkin_ws/devel/share/gennodejs/ros/actions_quiz/msg/CustomActionMsgActionFeedback.js)
Linked: (/home/user/catkin_ws/devel/.private/actions_quiz/share/gennodejs/ros/actions_quiz/msg/CustomActionMsgFeedback.js, /home/user/catkin_ws/devel/share/gennodejs/ros/actions_quiz/msg/CustomActionMsgFeedback.js)
Linked: (/home/user/catkin_ws/devel/.private/actions_quiz/share/gennodejs/ros/actions_quiz/msg/CustomActionMsgAction.js, /home/user/catkin_ws/devel/share/gennodejs/ros/actions_quiz/msg/CustomActionMsgAction.js)
Linked: (/home/user/catkin_ws/devel/.private/actions_quiz/share/gennodejs/ros/actions_quiz/msg/CustomActionMsgResult.js, /home/user/catkin_ws/devel/share/gennodejs/ros/actions_quiz/msg/CustomActionMsgResult.js)
