[  0%] Built target geometry_msgs_generate_messages_lisp
[  0%] Built target roscpp_generate_messages_nodejs
[  0%] Built target std_msgs_generate_messages_lisp
[  0%] Built target rosgraph_msgs_generate_messages_cpp
[  0%] Built target std_msgs_generate_messages_eus
[  0%] Built target geometry_msgs_generate_messages_py
[  0%] Built target rosgraph_msgs_generate_messages_py
[  0%] Built target geometry_msgs_generate_messages_cpp
[  0%] Built target geometry_msgs_generate_messages_nodejs
[  0%] Built target roscpp_generate_messages_lisp
[  0%] Built target std_msgs_generate_messages_cpp
[  0%] Built target roscpp_generate_messages_cpp
[  0%] Built target geometry_msgs_generate_messages_eus
[  0%] Built target std_msgs_generate_messages_py
[  0%] Built target std_msgs_generate_messages_nodejs
[  0%] Built target rosgraph_msgs_generate_messages_eus
[  0%] Built target roscpp_generate_messages_eus
[  0%] Built target rosgraph_msgs_generate_messages_lisp
[  0%] Built target roscpp_generate_messages_py
[  0%] Built target rosgraph_msgs_generate_messages_nodejs
[35m[1mScanning dependencies of target bb8_server[0m
[ 50%] [32mBuilding CXX object CMakeFiles/bb8_server.dir/src/bb8_server.cpp.o[0m
[ 75%] Built target bb8_client
In file included from [01m[K/opt/ros/noetic/include/ros/ros.h:40[m[K,
                 from [01m[K/home/user/catkin_ws/src/bb8_server/src/bb8_server.cpp:1[m[K:
[01m[K/home/user/catkin_ws/src/bb8_server/src/bb8_server.cpp:[m[K In function '[01m[Kbool my_callback(std_srvs::Empty::Request&, std_srvs::Empty::Response&)[m[K':
[01m[K/home/user/catkin_ws/src/bb8_server/src/bb8_server.cpp:15:12:[m[K [01;35m[Kwarning: [m[Kformat '[01m[K%s[m[K' expects argument of type '[01m[Kchar*[m[K', but argument 8 has type '[01m[Kstd_srvs::Empty::Request[m[K' {aka '[01m[Kstd_srvs::EmptyRequest_<std::allocator<void> >[m[K'} [[01;35m[K-Wformat=[m[K]
   15 |   ROS_INFO([01;35m[K"%s "[m[K, [32m[Kreq[m[K);
      |            [01;35m[K^~~~~[m[K  [32m[K~~~[m[K
      |                   [32m[K|[m[K
      |                   [32m[Kstd_srvs::Empty::Request {aka std_srvs::EmptyRequest_<std::allocator<void> >}[m[K
[01m[K/opt/ros/noetic/include/ros/console.h:351:165:[m[K [01;36m[Knote: [m[Kin definition of macro '[01m[KROSCONSOLE_PRINT_AT_LOCATION_WITH_FILTER[m[K'
  351 |     ::ros::console::print(filter, __rosconsole_define_location__loc.logger_, __rosconsole_define_location__loc.level_, __FILE__, __LINE__, __ROSCONSOLE_FUNCTION__, [01;36m[K__VA_ARGS__[m[K)
      |                                                                                                                                                                     [01;36m[K^~~~~~~~~~~[m[K
[01m[K/opt/ros/noetic/include/ros/console.h:390:7:[m[K [01;36m[Knote: [m[Kin expansion of macro '[01m[KROSCONSOLE_PRINT_AT_LOCATION[m[K'
  390 |       [01;36m[KROSCONSOLE_PRINT_AT_LOCATION[m[K(__VA_ARGS__); \
      |       [01;36m[K^~~~~~~~~~~~~~~~~~~~~~~~~~~~[m[K
[01m[K/opt/ros/noetic/include/ros/console.h:575:35:[m[K [01;36m[Knote: [m[Kin expansion of macro '[01m[KROS_LOG_COND[m[K'
  575 | #define ROS_LOG(level, name, ...) [01;36m[KROS_LOG_COND[m[K(true, level, name, __VA_ARGS__)
      |                                   [01;36m[K^~~~~~~~~~~~[m[K
[01m[K/opt/ros/noetic/include/rosconsole/macros_generated.h:110:23:[m[K [01;36m[Knote: [m[Kin expansion of macro '[01m[KROS_LOG[m[K'
  110 | #define ROS_INFO(...) [01;36m[KROS_LOG[m[K(::ros::console::levels::Info, ROSCONSOLE_DEFAULT_NAME, __VA_ARGS__)
      |                       [01;36m[K^~~~~~~[m[K
[01m[K/home/user/catkin_ws/src/bb8_server/src/bb8_server.cpp:15:3:[m[K [01;36m[Knote: [m[Kin expansion of macro '[01m[KROS_INFO[m[K'
   15 |   [01;36m[KROS_INFO[m[K("%s ", req);
      |   [01;36m[K^~~~~~~~[m[K
[01m[K/home/user/catkin_ws/src/bb8_server/src/bb8_server.cpp:15:14:[m[K [01;36m[Knote: [m[Kformat string is defined here
   15 |   ROS_INFO("[01;36m[K%s[m[K ", req);
      |             [01;36m[K~^[m[K
      |              [01;36m[K|[m[K
      |              [01;36m[Kchar*[m[K
[100%] [32m[1mLinking CXX executable /home/user/catkin_ws/devel/.private/bb8_server/lib/bb8_server/bb8_server[0m
[100%] Built target bb8_server
